2019-02-02 18:40:54.843  INFO 19736 --- [restartedMain] com.lerhyd.dngame.DngameApplication      : Starting DngameApplication on debian with PID 19736 (/home/lerhyd/dev/dngame/backend/target/classes started by lerhyd in /home/lerhyd/dev/dngame)
2019-02-02 18:40:54.849  INFO 19736 --- [restartedMain] com.lerhyd.dngame.DngameApplication      : No active profile set, falling back to default profiles: default
2019-02-02 18:40:54.939  INFO 19736 --- [restartedMain] .e.DevToolsPropertyDefaultsPostProcessor : Devtools property defaults active! Set 'spring.devtools.add-properties' to 'false' to disable
2019-02-02 18:40:54.940  INFO 19736 --- [restartedMain] .e.DevToolsPropertyDefaultsPostProcessor : For additional web related logging consider setting the 'logging.level.web' property to 'DEBUG'
2019-02-02 18:40:56.597  INFO 19736 --- [restartedMain] .s.d.r.c.RepositoryConfigurationDelegate : Bootstrapping Spring Data repositories in DEFAULT mode.
2019-02-02 18:40:56.724  INFO 19736 --- [restartedMain] .s.d.r.c.RepositoryConfigurationDelegate : Finished Spring Data repository scanning in 119ms. Found 13 repository interfaces.
2019-02-02 18:40:57.238  INFO 19736 --- [restartedMain] trationDelegate$BeanPostProcessorChecker : Bean 'org.springframework.transaction.annotation.ProxyTransactionManagementConfiguration' of type [org.springframework.transaction.annotation.ProxyTransactionManagementConfiguration$$EnhancerBySpringCGLIB$$d95429f5] is not eligible for getting processed by all BeanPostProcessors (for example: not eligible for auto-proxying)
2019-02-02 18:40:57.626  INFO 19736 --- [restartedMain] o.s.b.w.embedded.tomcat.TomcatWebServer  : Tomcat initialized with port(s): 1234 (http)
2019-02-02 18:40:57.652  INFO 19736 --- [restartedMain] o.apache.catalina.core.StandardService   : Starting service [Tomcat]
2019-02-02 18:40:57.652  INFO 19736 --- [restartedMain] org.apache.catalina.core.StandardEngine  : Starting Servlet engine: [Apache Tomcat/9.0.14]
2019-02-02 18:40:57.660  INFO 19736 --- [restartedMain] o.a.catalina.core.AprLifecycleListener   : The APR based Apache Tomcat Native library which allows optimal performance in production environments was not found on the java.library.path: [/usr/java/packages/lib/amd64:/usr/lib/x86_64-linux-gnu/jni:/lib/x86_64-linux-gnu:/usr/lib/x86_64-linux-gnu:/usr/lib/jni:/lib:/usr/lib]
2019-02-02 18:40:57.737  INFO 19736 --- [restartedMain] o.a.c.c.C.[Tomcat].[localhost].[/]       : Initializing Spring embedded WebApplicationContext
2019-02-02 18:40:57.738  INFO 19736 --- [restartedMain] o.s.web.context.ContextLoader            : Root WebApplicationContext: initialization completed in 2798 ms
2019-02-02 18:40:58.421  INFO 19736 --- [restartedMain] com.zaxxer.hikari.HikariDataSource       : HikariPool-1 - Starting...
2019-02-02 18:40:58.601  INFO 19736 --- [restartedMain] com.zaxxer.hikari.HikariDataSource       : HikariPool-1 - Start completed.
2019-02-02 18:40:58.661  INFO 19736 --- [restartedMain] o.hibernate.jpa.internal.util.LogHelper  : HHH000204: Processing PersistenceUnitInfo [name: default]
2019-02-02 18:40:58.732  INFO 19736 --- [restartedMain] org.hibernate.Version                    : HHH000412: Hibernate Core {5.4.1.Final}
2019-02-02 18:40:58.903  INFO 19736 --- [restartedMain] o.hibernate.annotations.common.Version   : HCANN000001: Hibernate Commons Annotations {5.1.0.Final}
2019-02-02 18:40:59.049  INFO 19736 --- [restartedMain] org.hibernate.dialect.Dialect            : HHH000400: Using dialect: org.hibernate.dialect.PostgreSQLDialect
2019-02-02 18:41:02.637  INFO 19736 --- [restartedMain] o.h.e.t.j.p.i.JtaPlatformInitiator       : HHH000490: Using JtaPlatform implementation: [org.hibernate.engine.transaction.jta.platform.internal.NoJtaPlatform]
2019-02-02 18:41:02.642  INFO 19736 --- [restartedMain] j.LocalContainerEntityManagerFactoryBean : Initialized JPA EntityManagerFactory for persistence unit 'default'
2019-02-02 18:41:03.861  INFO 19736 --- [restartedMain] o.s.s.concurrent.ThreadPoolTaskExecutor  : Initializing ExecutorService 'applicationTaskExecutor'
2019-02-02 18:41:03.999  INFO 19736 --- [restartedMain] o.s.b.a.w.s.WelcomePageHandlerMapping    : Adding welcome page: class path resource [public/index.html]
2019-02-02 18:41:04.302  INFO 19736 --- [restartedMain] o.s.b.d.a.OptionalLiveReloadServer       : LiveReload server is running on port 35729
2019-02-02 18:41:04.312  INFO 19736 --- [restartedMain] o.s.b.a.e.web.EndpointLinksResolver      : Exposing 2 endpoint(s) beneath base path '/actuator'
2019-02-02 18:41:04.403  INFO 19736 --- [restartedMain] o.s.b.w.embedded.tomcat.TomcatWebServer  : Tomcat started on port(s): 1234 (http) with context path ''
2019-02-02 18:41:04.406  INFO 19736 --- [restartedMain] com.lerhyd.dngame.DngameApplication      : Started DngameApplication in 10.394 seconds (JVM running for 11.329)
2019-02-02 18:41:04.544  INFO 19736 --- [RMI TCP Connection(2)-127.0.0.1] o.a.c.c.C.[Tomcat].[localhost].[/]       : Initializing Spring DispatcherServlet 'dispatcherServlet'
2019-02-02 18:41:04.545  INFO 19736 --- [RMI TCP Connection(2)-127.0.0.1] o.s.web.servlet.DispatcherServlet        : Initializing Servlet 'dispatcherServlet'
2019-02-02 18:41:04.560  INFO 19736 --- [RMI TCP Connection(2)-127.0.0.1] o.s.web.servlet.DispatcherServlet        : Completed initialization in 14 ms
2019-02-02 18:49:42.357  INFO 19736 --- [Thread-31] o.s.s.concurrent.ThreadPoolTaskExecutor  : Shutting down ExecutorService 'applicationTaskExecutor'
2019-02-02 18:49:42.366  INFO 19736 --- [Thread-31] j.LocalContainerEntityManagerFactoryBean : Closing JPA EntityManagerFactory for persistence unit 'default'
2019-02-02 18:49:42.374  INFO 19736 --- [Thread-31] com.zaxxer.hikari.HikariDataSource       : HikariPool-1 - Shutdown initiated...
2019-02-02 18:49:42.408  INFO 19736 --- [Thread-31] com.zaxxer.hikari.HikariDataSource       : HikariPool-1 - Shutdown completed.
